<?xml version="1.0" encoding="UTF-8"?>
<!-- Generated by org.testng.reporters.JUnitXMLReporter -->
<testsuite ignored="1" hostname="DESKTOP-GT371K8" failures="0" tests="1" name="InvalidLoginScenario" time="13.318" errors="0" timestamp="2022-05-18T15:58:07 BST">
  <testcase classname="swaglabs.SwagLogin" name="invalidUserNameAndValidPassword" time="11.702"/>
  <testcase classname="swaglabs.SwagLogin" name="swagLoginPage" time="0.0">
    <ignored/>
  </testcase> <!-- swagLoginPage -->
</testsuite> <!-- InvalidLoginScenario -->
