<?xml version="1.0" encoding="UTF-8"?>
<!-- Generated by org.testng.reporters.JUnitXMLReporter -->
<testsuite ignored="1" hostname="DESKTOP-GT371K8" failures="0" tests="6" name="ProductsPurchase" time="4.183" errors="0" timestamp="2022-05-18T15:57:53 BST">
  <testcase classname="swaglabs.SwagLogin" name="swagLoginPage" time="0.257"/>
  <testcase classname="swaglabs.Products" name="productSelection" time="0.228"/>
  <testcase classname="swaglabs.YourCart" name="cartCheckout" time="0.056"/>
  <testcase classname="swaglabs.CheckoutInfo" name="CheckInfo" time="0.247"/>
  <testcase classname="swaglabs.CheckoutOV" name="checkOV" time="0.048"/>
  <testcase classname="swaglabs.CheckoutComplete" name="backToHomeBtn" time="0.067"/>
  <testcase classname="swaglabs.SwagLogin" name="invalidUserNameAndValidPassword" time="0.0">
    <ignored/>
  </testcase> <!-- invalidUserNameAndValidPassword -->
</testsuite> <!-- ProductsPurchase -->
